"../../../Engine/Content/Functions/Engine_MaterialFunctions01/Opacity/CameraDepthFade.uasset" 0
"../../../Engine/Content/EngineMaterials/T_Default_Material_Grid_M.uasset" 1
"../../../Engine/Content/EngineMaterials/T_Default_Material_Grid_N.uasset" 2
"../../../Engine/Content/EngineMaterials/WorldGridMaterial.uasset" 3
"../../../Engine/Content/ArtTools/RenderToTexture/Meshes/S_1_Unit_Plane.uasset" 4
"../../../Engine/Content/EngineMaterials/DefaultMaterial.uasset" 5
"../../../Engine/Content/BasicShapes/Cone.uasset" 6
"../../../Engine/Content/BasicShapes/Cube.uasset" 7
"../../../Engine/Content/BasicShapes/Cylinder.uasset" 8
"../../../Engine/Content/BasicShapes/Plane.uasset" 9
"../../../Engine/Content/BasicShapes/Sphere.uasset" 10
"../../../Engine/Content/EditorLandscapeResources/DataLayer.uasset" 11
"../../../Engine/Content/EditorMaterials/GizmoMaterial.uasset" 12
"../../../Engine/Content/EditorMaterials/MAT_Groups_Toggle.uasset" 13
"../../../Engine/Content/EditorMaterials/MAT_Groups_Visibility.uasset" 14
"../../../Engine/Content/EditorMaterials/PreviewShadowIndicator.uasset" 15
"../../../Engine/Content/EditorMaterials/PreviewShadowIndicatorMaterial.uasset" 16
"../../../Engine/Content/EditorMaterials/MatineeGroups/MAT_ColorTrack.uasset" 17
"../../../Engine/Content/EditorMaterials/MatineeGroups/MAT_Groups_Anim.uasset" 18
"../../../Engine/Content/EditorMaterials/MatineeGroups/MAT_Groups_AudioMaster.uasset" 19
"../../../Engine/Content/EditorMaterials/MatineeGroups/MAT_Groups_Director.uasset" 20
"../../../Engine/Content/EditorMaterials/MatineeGroups/MAT_Groups_Event.uasset" 21
"../../../Engine/Content/EditorMaterials/MatineeGroups/MAT_Groups_Fade.uasset" 22
"../../../Engine/Content/EditorMaterials/MatineeGroups/MAT_Groups_Float.uasset" 23
"../../../Engine/Content/EditorMaterials/MatineeGroups/MAT_Groups_Move.uasset" 24
"../../../Engine/Content/EditorMaterials/MatineeGroups/MAT_Groups_Slomo.uasset" 25
"../../../Engine/Content/EditorMaterials/MatineeGroups/MAT_Groups_Sound.uasset" 26
"../../../Engine/Content/EditorMaterials/MatineeGroups/MAT_Groups_Vector.uasset" 27
"../../../Engine/Content/EditorMaterials/ParticleSystems/PSysThumbnail_NoImage.uasset" 28
"../../../Engine/Content/EditorMaterials/ParticleSystems/PSysThumbnail_OOD.uasset" 29
"../../../Engine/Content/EditorMaterials/Camera/CineMat.uasset" 30
"../../../Engine/Content/EditorMaterials/Camera/MI_CineMat_Rig.uasset" 31
"../../../Engine/Content/EditorMeshes/Camera/SM_CraneRig_Arm.uasset" 32
"../../../Engine/Content/EditorMeshes/Camera/SM_CraneRig_Base.uasset" 33
"../../../Engine/Content/EditorMeshes/Camera/SM_CraneRig_Body.uasset" 34
"../../../Engine/Content/EditorMeshes/Camera/SM_CraneRig_Mount.uasset" 35
"../../../Engine/Content/EditorMeshes/Camera/SM_RailRig_Mount.uasset" 36
"../../../Engine/Content/EditorMeshes/Camera/SM_RailRig_Track.uasset" 37
"../../../Engine/Content/EditorResources/BSPVertex.uasset" 38
"../../../Engine/Content/EditorResources/EmptyActor.uasset" 39
"../../../Engine/Content/EditorResources/S_Actor.uasset" 40
"../../../Engine/Content/EditorResources/S_Trigger.uasset" 41
"../../../Engine/Content/EditorResources/LightIcons/S_LightError.uasset" 42
"../../../Engine/Content/EditorResources/SequenceRecorder/Countdown.uasset" 43
"../../../Engine/Content/EditorResources/SequenceRecorder/RecordingIndicator.uasset" 44
"../../../Engine/Content/EditorSounds/Notifications/CompileFailed.uasset" 45
"../../../Engine/Content/EditorSounds/Notifications/CompileFailed_Cue.uasset" 46
"../../../Engine/Content/EditorSounds/Notifications/CompileSuccess.uasset" 47
"../../../Engine/Content/EditorSounds/Notifications/CompileStart_Cue.uasset" 48
"../../../Engine/Content/EditorSounds/Notifications/CompileSuccess_Cue.uasset" 49
"../../../Engine/Content/EngineDamageTypes/DmgTypeBP_Environmental.uasset" 50
"../../../Engine/Content/EngineDebugMaterials/HeatmapGradient.uasset" 51
"../../../Engine/Content/EngineDebugMaterials/BoneWeightMaterial.uasset" 52
"../../../Engine/Content/EngineDebugMaterials/ClothMaterial.uasset" 53
"../../../Engine/Content/EngineDebugMaterials/ClothMaterial_WF.uasset" 54
"../../../Engine/Content/EngineDebugMaterials/DebugEditorMaterial.uasset" 55
"../../../Engine/Content/EngineDebugMaterials/DebugMeshMaterial.uasset" 56
"../../../Engine/Content/EngineDebugMaterials/GeomMaterial.uasset" 57
"../../../Engine/Content/EngineDebugMaterials/M_SimpleTranslucent.uasset" 58
"../../../Engine/Content/EngineFonts/Faces/RobotoBold.uasset" 59
"../../../Engine/Content/EngineFonts/Faces/RobotoBoldItalic.uasset" 60
"../../../Engine/Content/EngineFonts/Faces/RobotoItalic.uasset" 61
"../../../Engine/Content/EngineFonts/Faces/RobotoLight.uasset" 62
"../../../Engine/Content/EngineFonts/Faces/RobotoRegular.uasset" 63
"../../../Engine/Content/EngineFonts/Faces/RobotoTiny.uasset" 64
"../../../Engine/Content/EngineMaterials/BaseFlattenDiffuseMap.uasset" 65
"../../../Engine/Content/EngineMaterials/BaseFlattenEmissiveMap.uasset" 66
"../../../Engine/Content/EngineMaterials/BaseFlattenGrayscaleMap.uasset" 67
"../../../Engine/Content/EngineMaterials/BaseFlattenNormalMap.uasset" 68
"../../../Engine/Content/EngineMaterials/BaseFlattenMaterial.uasset" 69
"../../../Engine/Content/EngineMaterials/DefaultBloomKernel.uasset" 70
"../../../Engine/Content/EngineMaterials/DefaultBokeh.uasset" 71
"../../../Engine/Content/EngineMaterials/DefaultDiffuse.uasset" 72
"../../../Engine/Content/EngineMaterials/DefaultDeferredDecalMaterial.uasset" 73
"../../../Engine/Content/EngineMaterials/DefaultLightFunctionMaterial.uasset" 74
"../../../Engine/Content/EngineMaterials/DefaultPhysicalMaterial.uasset" 75
"../../../Engine/Content/Functions/Engine_MaterialFunctions02/Utility/BreakOutFloat2Components.uasset" 76
"../../../Engine/Content/EngineMaterials/DefaultPostProcessMaterial.uasset" 77
"../../../Engine/Content/EngineMaterials/DefaultTextMaterialOpaque.uasset" 78
"../../../Engine/Content/EngineMaterials/DefaultWhiteGrid.uasset" 79
"../../../Engine/Content/EngineMaterials/EditorBrushMaterial.uasset" 80
"../../../Engine/Content/EngineMaterials/Good64x64TilingNoiseHighFreq.uasset" 81
"../../../Engine/Content/EngineMaterials/MiniFont.uasset" 82
"../../../Engine/Content/EngineMaterials/InvalidLightmapSettings.uasset" 83
"../../../Engine/Content/EngineMaterials/M_InvalidLightmapSettings.uasset" 84
"../../../Engine/Content/Functions/Engine_MaterialFunctions02/WorldPositionOffset/CameraOffset.uasset" 85
"../../../Engine/Content/EngineMaterials/PhAT_JointLimitMaterial.uasset" 86
"../../../Engine/Content/EngineMaterials/PreintegratedSkinBRDF.uasset" 87
"../../../Engine/Content/EngineMaterials/RemoveSurfaceMaterial.uasset" 88
"../../../Engine/Content/EngineMaterials/WeightMapPlaceholderTexture.uasset" 89
"../../../Engine/Content/EngineResources/WhiteSquareTexture.uasset" 90
"../../../Engine/Content/EngineMaterials/Widget3DPassThrough.uasset" 91
"../../../Engine/Content/EngineMaterials/Widget3DPassThrough_Masked.uasset" 92
"../../../Engine/Content/EngineMaterials/Widget3DPassThrough_Opaque.uasset" 93
"../../../Engine/Content/EngineMaterials/Widget3DPassThrough_Masked_OneSided.uasset" 94
"../../../Engine/Content/EngineMaterials/Widget3DPassThrough_Opaque_OneSided.uasset" 95
"../../../Engine/Content/EngineMaterials/Widget3DPassThrough_Translucent.uasset" 96
"../../../Engine/Content/EngineMaterials/Widget3DPassThrough_Translucent_OneSided.uasset" 97
"../../../Engine/Content/EngineMeshes/Cylinder.uasset" 98
"../../../Engine/Content/EngineMeshes/Sphere.uasset" 99
"../../../Engine/Content/EngineResources/Black.uasset" 100
"../../../Engine/Content/EngineResources/DefaultTexture.uasset" 101
"../../../Engine/Content/EngineResources/DefaultTextureCube.uasset" 102
"../../../Engine/Content/EngineResources/DefaultVolumeTexture2D.uasset" 103
"../../../Engine/Content/EngineResources/DefaultVolumeTexture.uasset" 104
"../../../Engine/Content/EngineResources/GradientTexture0.uasset" 105
"../../../Engine/Content/EngineSounds/Master.uasset" 106
"../../../Engine/Content/Functions/Engine_MaterialFunctions01/Shading/ConvertFromDiffSpec.uasset" 107
"../../../Engine/Content/Functions/Engine_MaterialFunctions01/Shading/PowerToRoughness.uasset" 108
"../../../Engine/Content/Maps/Templates/Thumbnails/Default.uasset" 109
"../../../Engine/Content/Maps/Templates/Thumbnails/VR-Basic.uasset" 110
"../../../Engine/Content/MobileResources/T_MobileControls_texture.uasset" 111
"../../../Engine/Content/MobileResources/T_MobileMenu2.uasset" 112
"../../../Engine/Content/MobileResources/HUD/AnalogHat.uasset" 113
"../../../Engine/Content/MobileResources/HUD/VirtualJoystick_Background.uasset" 114
"../../../Engine/Content/MobileResources/HUD/VirtualJoystick_Thumb.uasset" 115
"../../../Engine/Content/MobileResources/HUD/DefaultVirtualJoysticks.uasset" 116
"../../../Engine/Content/MobileResources/HUD/LeftVirtualJoystickOnly.uasset" 117
"../../../Engine/Content/MobileResources/HUD/MobileHUDButton1_off.uasset" 118
"../../../Engine/Content/MobileResources/HUD/MobileHUDButton1_on.uasset" 119
"../../../Engine/Content/MobileResources/HUD/MobileHUDButton2_off.uasset" 120
"../../../Engine/Content/MobileResources/HUD/MobileHUDButton2_on.uasset" 121
"../../../Engine/Content/MobileResources/HUD/MobileHUDButton3.uasset" 122
"../../../Engine/Content/MobileResources/HUD/MobileHUDButtonFire.uasset" 123
"../../../Engine/Content/MobileResources/HUD/MobileHUDDirectionPad.uasset" 124
"../../../Engine/Content/MobileResources/HUD/MobileHUDDirectionPad2.uasset" 125
"../../../Engine/Content/MobileResources/HUD/MobileHUDDirectionPad3.uasset" 126
"../../../Engine/Content/MobileResources/HUD/MobileHUDDirectionStick.uasset" 127
"../../../Engine/Content/MobileResources/HUD/T_Castle_ThumbstickInner.uasset" 128
"../../../Engine/Content/MobileResources/HUD/T_Castle_ThumbstickOutter.uasset" 129
"../../../Engine/Content/Tutorial/ContentIntroCurve.uasset" 130
"../../../Engine/Content/VREditor/LaserPointer/VR_LaserPower_01.uasset" 131
"../../../Engine/Content/VREditor/TransformGizmo/TransformGizmoMaterial.uasset" 132
"../../../Engine/Content/VREditor/TransformGizmo/TranslucentTransformGizmoMaterial.uasset" 133
"../../../Engine/Content/VREditor/TransformGizmo/BoundingBoxCorner.uasset" 134
"../../../Engine/Content/VREditor/TransformGizmo/BoundingBoxEdge.uasset" 135
"../../../Engine/Content/VREditor/TransformGizmo/PlaneTranslationHandle.uasset" 136
"../../../Engine/Content/VREditor/TransformGizmo/Main.uasset" 137
"../../../Engine/Content/VREditor/TransformGizmo/Xray.uasset" 138
"../../../Engine/Content/VREditor/TransformGizmo/SM_Sequencer_Key.uasset" 139
"../../../Engine/Content/VREditor/TransformGizmo/SM_Sequencer_Node.uasset" 140
"../../Plugins/2D/Paper2D/Content/PlaceholderTextures/DummySpriteTexture.uasset" 141
"../../Plugins/2D/Paper2D/Content/DummySprite.uasset" 142
"../../Plugins/2D/Paper2D/Content/DefaultPaperTerrainMaterial.uasset" 143
"../../Plugins/2D/Paper2D/Content/DefaultSpriteMaterial.uasset" 144
"../../Plugins/2D/Paper2D/Content/MaskedUnlitSpriteMaterial.uasset" 145
"../../Plugins/2D/Paper2D/Content/OpaqueUnlitSpriteMaterial.uasset" 146
"../../Plugins/Runtime/Oculus/OculusVR/Content/Materials/PokeAHoleMaterial.uasset" 147
"../../Plugins/Runtime/Oculus/OculusVR/Content/Textures/GearVRController_AO.uasset" 148
"../../Plugins/Runtime/Oculus/OculusVR/Content/Textures/GearVRController_Color.uasset" 149
"../../Plugins/Runtime/Oculus/OculusVR/Content/Textures/GearVRController_Normal.uasset" 150
"../../Plugins/Runtime/Oculus/OculusVR/Content/Materials/GearVRControllerMaterial.uasset" 151
"../../Plugins/Runtime/Oculus/OculusVR/Content/Meshes/GearVrController.uasset" 152
"../../Plugins/Runtime/Oculus/OculusVR/Content/Textures/touchController_albedo.uasset" 153
"../../Plugins/Runtime/Oculus/OculusVR/Content/Textures/touchController_controlmap.uasset" 154
"../../Plugins/Runtime/Oculus/OculusVR/Content/Materials/touchController_mat.uasset" 155
"../../Plugins/Runtime/Oculus/OculusVR/Content/Meshes/LeftTouchController.uasset" 156
"../../Plugins/Runtime/Oculus/OculusVR/Content/Meshes/RiftHMD.uasset" 157
"../../Plugins/Runtime/Oculus/OculusVR/Content/Meshes/RightTouchController.uasset" 158
"../../../Engine/Content/EditorBlueprintResources/StandardMacros.uasset" 159
"../../../Engine/Content/EngineSky/C_Sky_Cloud_Color.uasset" 160
"../../../Engine/Content/EngineSky/C_Sky_Horizon_Color.uasset" 161
"../../../Engine/Content/EngineSky/C_Sky_Zenith_Color.uasset" 162
"../../../Engine/Content/EngineSky/T_Sky_Blue.uasset" 163
"../../../Engine/Content/EngineSky/T_Sky_Clouds_M.uasset" 164
"../../../Engine/Content/EngineSky/T_Sky_Stars.uasset" 165
"../../../Engine/Content/EngineSky/M_Sky_Panning_Clouds2.uasset" 166
"../../../Engine/Content/EngineSky/SM_SkySphere.uasset" 167
"../../../Engine/Content/EngineSky/BP_Sky_Sphere.uasset" 168
"C:/GitHub/PavlovVR_Forge/Content/CustomMaps/UGC2316809668/Blueprints/BP_Light_Ambient.uasset" 169
"C:/GitHub/PavlovVR_Forge/Content/CustomMaps/UGC2316809668/InfinityBladeFireLands/Environments/Fire/Fire_Fortress/Textures/Fire_Crucible_D.uasset" 170
"C:/GitHub/PavlovVR_Forge/Content/CustomMaps/UGC2316809668/InfinityBladeFireLands/Environments/Fire/Fire_Fortress/Textures/Fire_Crucible_E.uasset" 171
"C:/GitHub/PavlovVR_Forge/Content/CustomMaps/UGC2316809668/InfinityBladeFireLands/Environments/Fire/Fire_Fortress/Textures/Fire_Crucible_N.uasset" 172
"C:/GitHub/PavlovVR_Forge/Content/CustomMaps/UGC2316809668/InfinityBladeFireLands/Environments/Fire/Fire_Fortress/Textures/T_Crucible_2_M.uasset" 173
"C:/GitHub/PavlovVR_Forge/Content/CustomMaps/UGC2316809668/InfinityBladeFireLands/Environments/Fire/Fire_Fortress/Materials/M_Crucible_1.uasset" 174
"C:/GitHub/PavlovVR_Forge/Content/CustomMaps/UGC2316809668/InfinityBladeFireLands/Environments/Fire/Fire_Fortress/SM/SM_Fire_Floor_Detail_Burner.uasset" 175
"C:/GitHub/PavlovVR_Forge/Content/CustomMaps/UGC2316809668/Blueprints/BP_Light_Burner.uasset" 176
"C:/GitHub/PavlovVR_Forge/Content/CustomMaps/UGC2316809668/Blueprints/BP_Light_LavaFlicker.uasset" 177
"C:/GitHub/PavlovVR_Forge/Content/CustomMaps/UGC2316809668/Blueprints/BP_Light_LavaFlicker_Support.uasset" 178
"C:/GitHub/PavlovVR_Forge/Content/CustomMaps/UGC2316809668/The_Forge_BuiltData.uasset" 179
"C:/GitHub/PavlovVR_Forge/Content/CustomMaps/UGC2316809668/InfinityBladeFireLands/Environments/Fire/Env_Fire_Engines/Textures/T_Fire_Cliffs_TilingRock_D.uasset" 180
"C:/GitHub/PavlovVR_Forge/Content/CustomMaps/UGC2316809668/InfinityBladeFireLands/Environments/Fire/Env_Fire_Rocky/Textures/T_Fire_Cliffs_TilingStone_02_N.uasset" 181
"C:/GitHub/PavlovVR_Forge/Content/CustomMaps/UGC2316809668/InfinityBladeFireLands/Environments/Fire/Env_Fire_Engines/Materials/M_Env_Fire_Cliffs_TilingRock.uasset" 182
"../../../Engine/Content/EngineMaterials/BlendFunc_DefBase.uasset" 183
"../../../Engine/Content/EngineMaterials/BlendFunc_DefBlend.uasset" 184
"../../../Engine/Content/Functions/Engine_MaterialFunctions03/Blends/Blend_Lighten.uasset" 185
"../../../Engine/Content/Functions/Engine_MaterialFunctions03/Blends/Blend_Overlay.uasset" 186
"C:/GitHub/PavlovVR_Forge/Content/CustomMaps/UGC2316809668/InfinityBladeFireLands/Environments/Fire/Env_Fire_Magma/Textures/T_Env_Fire_Magma01.uasset" 187
"C:/GitHub/PavlovVR_Forge/Content/CustomMaps/UGC2316809668/InfinityBladeFireLands/Environments/Fire/Env_Fire_Magma/Materials/M_Fire_Lava_Blend.uasset" 188
"C:/GitHub/PavlovVR_Forge/Content/CustomMaps/UGC2316809668/InfinityBladeFireLands/Environments/Fire/Env_Fire_Rocky/Textures/T_Fire_Cliffs_TilingCliffWall_D.uasset" 189
"C:/GitHub/PavlovVR_Forge/Content/CustomMaps/UGC2316809668/InfinityBladeFireLands/Environments/Fire/Env_Fire_Rocky/Textures/T_Fire_Cliffs_TilingCliffWall_N.uasset" 190
"C:/GitHub/PavlovVR_Forge/Content/CustomMaps/UGC2316809668/InfinityBladeFireLands/Environments/Fire/Env_Fire_Rocky/Materials/M_Env_Fire_Cliffs_TilingCliffWall.uasset" 191
"../../../Engine/Content/EngineVolumetrics/LightBeam/Materials/T_EV_DustPanner_01.uasset" 192
"../../../Engine/Content/EngineVolumetrics/LightBeam/Materials/T_EV_LightBeam_Falloff_01.uasset" 193
"../../../Engine/Content/EngineVolumetrics/LightBeam/Materials/T_EV_LightBeam_Falloff_02.uasset" 194
"../../../Engine/Content/EngineVolumetrics/LightBeam/Materials/M_EV_Lightbeam_Master_01.uasset" 195
"../../../Engine/Content/EngineVolumetrics/LightBeam/Materials/M_EV_Lightbeam_Master_01_Inst.uasset" 196
"C:/GitHub/PavlovVR_Forge/Content/CustomMaps/UGC2316809668/InfinityBladeFireLands/Maps/LevelContent/M_EV_Lightbeam_Master_01_Inst_Inst.uasset" 197
"../../../Engine/Content/EngineVolumetrics/LightBeam/Mesh/S_EV_SimpleLightBeam_02.uasset" 198
"C:/GitHub/PavlovVR_Forge/Content/CustomMaps/UGC2316809668/InfinityBladeFireLands/Environments/Fire/Env_Fire_Terrain2/Textures/T_Fire_Lava.uasset" 199
"C:/GitHub/PavlovVR_Forge/Content/CustomMaps/UGC2316809668/definition.uasset" 200
"C:/GitHub/PavlovVR_Forge/Content/CustomMaps/UGC2316809668/InfinityBladeFireLands/Environments/Fire/Env_Fire_Terrain2/Textures/T_Cooled_Lava_D.uasset" 201
"C:/GitHub/PavlovVR_Forge/Content/CustomMaps/UGC2316809668/InfinityBladeFireLands/Environments/Fire/Env_Fire_Terrain2/Textures/T_Cooled_Lava_N.uasset" 202
"C:/GitHub/PavlovVR_Forge/Content/CustomMaps/UGC2316809668/InfinityBladeFireLands/Environments/Fire/MasterMaterials/SimpleMaster.uasset" 203
"C:/GitHub/PavlovVR_Forge/Content/CustomMaps/UGC2316809668/InfinityBladeFireLands/Environments/Fire/Env_Fire_Background/Textures/T_Env_Fire_Cliffs_TilingStone_02_D.uasset" 204
"C:/GitHub/PavlovVR_Forge/Content/CustomMaps/UGC2316809668/InfinityBladeFireLands/Environments/Fire/Env_Fire_Background/Textures/T_Env_Fire_Cliffs_TilingStone_02_N_2.uasset" 205
"C:/GitHub/PavlovVR_Forge/Content/CustomMaps/UGC2316809668/InfinityBladeFireLands/Environments/Fire/Env_Fire_Background/Materials/M_Fire_Cliffs_TilingStone_01_inst.uasset" 206
"C:/GitHub/PavlovVR_Forge/Content/CustomMaps/UGC2316809668/InfinityBladeFireLands/Environments/Fire/Env_Fire_Background/StaticMesh/SM_Env_Fire_Jagged_Rock_2.uasset" 207
"C:/GitHub/PavlovVR_Forge/Content/CustomMaps/UGC2316809668/InfinityBladeFireLands/Environments/Fire/Env_Fire_Background/StaticMesh/SM_Env_Fire_Jagged_Rock_3.uasset" 208
"C:/GitHub/PavlovVR_Forge/Content/CustomMaps/UGC2316809668/InfinityBladeFireLands/Environments/Fire/Env_Fire_Background/StaticMesh/SM_Env_Fire_Jagged_Rock_4.uasset" 209
"C:/GitHub/PavlovVR_Forge/Content/CustomMaps/UGC2316809668/InfinityBladeFireLands/Environments/Fire/Env_Fire_Background/Textures/T_Env_Fire_T3_Background_Sky_E.uasset" 210
"C:/GitHub/PavlovVR_Forge/Content/CustomMaps/UGC2316809668/InfinityBladeFireLands/Environments/Fire/MasterMaterials/SimpleEmmisiveMaster.uasset" 211
"C:/GitHub/PavlovVR_Forge/Content/CustomMaps/UGC2316809668/InfinityBladeFireLands/Environments/Fire/Env_Fire_Background/Textures/T_Env_Fire_T3_Background_Sky_D.uasset" 212
"C:/GitHub/PavlovVR_Forge/Content/CustomMaps/UGC2316809668/InfinityBladeFireLands/Environments/Fire/Env_Fire_Background/Textures/T_Env_Fire_T3_Background_Sky_N.uasset" 213
"C:/GitHub/PavlovVR_Forge/Content/CustomMaps/UGC2316809668/InfinityBladeFireLands/Environments/Fire/Env_Fire_Background/Materials/M_Fire_T3_Background_Sky_inst.uasset" 214
"C:/GitHub/PavlovVR_Forge/Content/CustomMaps/UGC2316809668/InfinityBladeFireLands/Environments/Fire/Env_Fire_Background/StaticMesh/SM_Fire_T3_Background_Sky.uasset" 215
"C:/GitHub/PavlovVR_Forge/Content/CustomMaps/UGC2316809668/InfinityBladeFireLands/Environments/Fire/Env_Fire_deco/Textures/T_Env_Fire_deco_Chain2D.uasset" 216
"C:/GitHub/PavlovVR_Forge/Content/CustomMaps/UGC2316809668/InfinityBladeFireLands/Environments/Fire/Env_Fire_deco/Materials/M_Env_Fire_deco_Chains.uasset" 217
"C:/GitHub/PavlovVR_Forge/Content/CustomMaps/UGC2316809668/InfinityBladeFireLands/Environments/Fire/Env_Fire_deco/Textures/T_Env_Fire_Furnace_D.uasset" 218
"C:/GitHub/PavlovVR_Forge/Content/CustomMaps/UGC2316809668/InfinityBladeFireLands/Environments/Fire/Env_Fire_deco/Textures/T_Env_Fire_Furnace_N.uasset" 219
"C:/GitHub/PavlovVR_Forge/Content/CustomMaps/UGC2316809668/InfinityBladeFireLands/Environments/Fire/Env_Fire_deco/Materials/M_Env_Fire_Furnace.uasset" 220
"C:/GitHub/PavlovVR_Forge/Content/CustomMaps/UGC2316809668/InfinityBladeFireLands/Environments/Fire/Env_Fire_deco/StaticMesh/SM_Env_Fire_deco_ChainCOG.uasset" 221
"C:/GitHub/PavlovVR_Forge/Content/CustomMaps/UGC2316809668/InfinityBladeFireLands/Environments/Fire/Env_Fire_deco/StaticMesh/SM_Env_Fire_deco_ChainCOG2.uasset" 222
"C:/GitHub/PavlovVR_Forge/Content/CustomMaps/UGC2316809668/InfinityBladeFireLands/Environments/Fire/Env_Fire_deco/Textures/T_Env_Fire_deco_Rockpile_D.uasset" 223
"C:/GitHub/PavlovVR_Forge/Content/CustomMaps/UGC2316809668/InfinityBladeFireLands/Environments/Fire/Env_Fire_deco/Textures/T_Env_Fire_deco_Rockpile_N.uasset" 224
"C:/GitHub/PavlovVR_Forge/Content/CustomMaps/UGC2316809668/InfinityBladeFireLands/Environments/Fire/Env_Fire_deco/Materials/M_Fire_deco_Rockpile.uasset" 225
"C:/GitHub/PavlovVR_Forge/Content/CustomMaps/UGC2316809668/InfinityBladeFireLands/Environments/Fire/Env_Fire_deco/StaticMesh/SM_Env_Fire_deco_RockPile.uasset" 226
"../../../Engine/Content/Functions/Engine_MaterialFunctions01/WorldPositionOffset/SimpleGrassWind.uasset" 227
"C:/GitHub/PavlovVR_Forge/Content/CustomMaps/UGC2316809668/InfinityBladeFireLands/Environments/Fire/Env_Fire_deco/Textures/T_Env_Fire_Flags_D.uasset" 228
"C:/GitHub/PavlovVR_Forge/Content/CustomMaps/UGC2316809668/InfinityBladeFireLands/Environments/Fire/Env_Fire_deco/Textures/T_Env_Fire_Flags_E.uasset" 229
"C:/GitHub/PavlovVR_Forge/Content/CustomMaps/UGC2316809668/InfinityBladeFireLands/Environments/Fire/Env_Fire_deco/Textures/T_Env_Fire_Flags_N.uasset" 230
"C:/GitHub/PavlovVR_Forge/Content/CustomMaps/UGC2316809668/InfinityBladeFireLands/Environments/Fire/Env_Fire_deco/Materials/M_Fire_Flag.uasset" 231
"C:/GitHub/PavlovVR_Forge/Content/CustomMaps/UGC2316809668/InfinityBladeFireLands/Environments/Fire/Env_Fire_deco/StaticMesh/SM_Fire_Flag_01.uasset" 232
"C:/GitHub/PavlovVR_Forge/Content/CustomMaps/UGC2316809668/InfinityBladeFireLands/Environments/Fire/Env_Fire_deco/StaticMesh/SM_Fire_Flag_02.uasset" 233
"C:/GitHub/PavlovVR_Forge/Content/CustomMaps/UGC2316809668/InfinityBladeFireLands/Environments/Fire/Env_Fire_deco/Textures/T_Crucible_2_D.uasset" 234
"C:/GitHub/PavlovVR_Forge/Content/CustomMaps/UGC2316809668/InfinityBladeFireLands/Environments/Fire/Env_Fire_deco/Textures/T_Crucible_2_M.uasset" 235
"C:/GitHub/PavlovVR_Forge/Content/CustomMaps/UGC2316809668/InfinityBladeFireLands/Environments/Fire/Env_Fire_deco/Textures/T_Fire_Crucible_E.uasset" 236
"C:/GitHub/PavlovVR_Forge/Content/CustomMaps/UGC2316809668/InfinityBladeFireLands/Environments/Fire/Env_Fire_deco/Textures/T_Fire_Crucible_N.uasset" 237
"C:/GitHub/PavlovVR_Forge/Content/CustomMaps/UGC2316809668/InfinityBladeFireLands/Environments/Fire/Env_Fire_deco/Materials/M_Crucible_1.uasset" 238
"C:/GitHub/PavlovVR_Forge/Content/CustomMaps/UGC2316809668/InfinityBladeFireLands/Environments/Fire/Env_Fire_deco/StaticMesh/SM_Fire_Flag_Pole.uasset" 239
"C:/GitHub/PavlovVR_Forge/Content/CustomMaps/UGC2316809668/InfinityBladeFireLands/Environments/Fire/Env_Fire_Engines/Textures/T_Fire_EngineOfDestruction.uasset" 240
"C:/GitHub/PavlovVR_Forge/Content/CustomMaps/UGC2316809668/InfinityBladeFireLands/Environments/Fire/Env_Fire_Engines/Textures/T_Fire_EngineOfDestruction_M.uasset" 241
"C:/GitHub/PavlovVR_Forge/Content/CustomMaps/UGC2316809668/InfinityBladeFireLands/Environments/Fire/Env_Fire_Engines/Textures/T_Fire_EngineOfDestruction_N.uasset" 242
"C:/GitHub/PavlovVR_Forge/Content/CustomMaps/UGC2316809668/InfinityBladeFireLands/Environments/Fire/Env_Fire_Engines/Materials/M_Env_Fire_Engines.uasset" 243
"C:/GitHub/PavlovVR_Forge/Content/CustomMaps/UGC2316809668/InfinityBladeFireLands/Environments/Fire/Env_Fire_Engines/StaticMesh/SM_Fire_EngineOfDestruction03.uasset" 244
"C:/GitHub/PavlovVR_Forge/Content/CustomMaps/UGC2316809668/InfinityBladeFireLands/Environments/Fire/Env_Fire_Engines/StaticMesh/SM_Fire_EngineWall05.uasset" 245
"C:/GitHub/PavlovVR_Forge/Content/CustomMaps/UGC2316809668/InfinityBladeFireLands/Environments/Fire/Env_Fire_Engines/Textures/T_Fire_GrimStatue1_D.uasset" 246
"C:/GitHub/PavlovVR_Forge/Content/CustomMaps/UGC2316809668/InfinityBladeFireLands/Environments/Fire/Env_Fire_Engines/Textures/T_Fire_GrimStatue1_N.uasset" 247
"C:/GitHub/PavlovVR_Forge/Content/CustomMaps/UGC2316809668/InfinityBladeFireLands/Environments/Fire/Env_Fire_Engines/Materials/M_Env_Fire_GrimStatue.uasset" 248
"C:/GitHub/PavlovVR_Forge/Content/CustomMaps/UGC2316809668/InfinityBladeFireLands/Environments/Fire/Env_Fire_Engines/Textures/T_Fire_GrimStatue2_D.uasset" 249
"C:/GitHub/PavlovVR_Forge/Content/CustomMaps/UGC2316809668/InfinityBladeFireLands/Environments/Fire/Env_Fire_Engines/Textures/T_Fire_GrimStatue2_E.uasset" 250
"C:/GitHub/PavlovVR_Forge/Content/CustomMaps/UGC2316809668/InfinityBladeFireLands/Environments/Fire/Env_Fire_Engines/Textures/T_Fire_GrimStatue2_N.uasset" 251
"C:/GitHub/PavlovVR_Forge/Content/CustomMaps/UGC2316809668/InfinityBladeFireLands/Environments/Fire/Env_Fire_Engines/Materials/M_Env_Fire_GrimStatue_glow.uasset" 252
"C:/GitHub/PavlovVR_Forge/Content/CustomMaps/UGC2316809668/InfinityBladeFireLands/Environments/Fire/Env_Fire_Engines/StaticMesh/SM_Fire_GrimStatue011.uasset" 253
"C:/GitHub/PavlovVR_Forge/Content/CustomMaps/UGC2316809668/InfinityBladeFireLands/Environments/Fire/Env_Fire_FlameDungeon/Textures/T_FlameDungeon_Cliffside01_D.uasset" 254
"C:/GitHub/PavlovVR_Forge/Content/CustomMaps/UGC2316809668/InfinityBladeFireLands/Environments/Fire/Env_Fire_FlameDungeon/Textures/T_FlameDungeon_Cliffside01_N.uasset" 255
"C:/GitHub/PavlovVR_Forge/Content/CustomMaps/UGC2316809668/InfinityBladeFireLands/Environments/Fire/Env_Fire_FlameDungeon/Materials/M_DungeonCliff.uasset" 256
"C:/GitHub/PavlovVR_Forge/Content/CustomMaps/UGC2316809668/InfinityBladeFireLands/Environments/Fire/Env_Fire_FlameDungeon/StaticMesh/Background/SM_FlameDungeon_Cliffside01.uasset" 257
"C:/GitHub/PavlovVR_Forge/Content/CustomMaps/UGC2316809668/InfinityBladeFireLands/Environments/Fire/Env_Fire_FlameDungeon/Textures/T_FlameDungeon_LargeRocks_D.uasset" 258
"C:/GitHub/PavlovVR_Forge/Content/CustomMaps/UGC2316809668/InfinityBladeFireLands/Environments/Fire/Env_Fire_FlameDungeon/Textures/T_FlameDungeon_LargeRocks_N.uasset" 259
"C:/GitHub/PavlovVR_Forge/Content/CustomMaps/UGC2316809668/InfinityBladeFireLands/Environments/Fire/Env_Fire_FlameDungeon/Materials/M_FlameDungeon_LargeRocks.uasset" 260
"C:/GitHub/PavlovVR_Forge/Content/CustomMaps/UGC2316809668/InfinityBladeFireLands/Environments/Fire/Env_Fire_FlameDungeon/StaticMesh/Background/SM_FlameDungeon_largeRocks.uasset" 261
"C:/GitHub/PavlovVR_Forge/Content/CustomMaps/UGC2316809668/InfinityBladeFireLands/Environments/Fire/Env_Fire_FlameDungeon/Textures/T_Dungeon_Pipe_Lava_E.uasset" 262
"C:/GitHub/PavlovVR_Forge/Content/CustomMaps/UGC2316809668/InfinityBladeFireLands/Environments/Fire/Env_Fire_FlameDungeon/Materials/M_Dungeon_Pipes_Lava.uasset" 263
"C:/GitHub/PavlovVR_Forge/Content/CustomMaps/UGC2316809668/InfinityBladeFireLands/Environments/Fire/Env_Fire_FlameDungeon/StaticMesh/Pipes/SM_Dungeon_Pipes_Lava01.uasset" 264
"C:/GitHub/PavlovVR_Forge/Content/CustomMaps/UGC2316809668/InfinityBladeFireLands/Environments/Fire/Env_Fire_FlameDungeon/Textures/T_FlameDungeon_Wall02_D.uasset" 265
"C:/GitHub/PavlovVR_Forge/Content/CustomMaps/UGC2316809668/InfinityBladeFireLands/Environments/Fire/Env_Fire_FlameDungeon/Textures/T_FlameDungeon_Wall02_N.uasset" 266
"C:/GitHub/PavlovVR_Forge/Content/CustomMaps/UGC2316809668/InfinityBladeFireLands/Environments/Fire/Env_Fire_FlameDungeon/Materials/M_FlameDungeon_Wall02.uasset" 267
"C:/GitHub/PavlovVR_Forge/Content/CustomMaps/UGC2316809668/InfinityBladeFireLands/Environments/Fire/Env_Fire_FlameDungeon/StaticMesh/Walls/SM_FlameDungeon_Brickwall_Damage01.uasset" 268
"C:/GitHub/PavlovVR_Forge/Content/CustomMaps/UGC2316809668/InfinityBladeFireLands/Environments/Fire/Env_Fire_FlameDungeon/StaticMesh/Walls/SM_FlameDungeon_Brickwall_Damage02.uasset" 269
"C:/GitHub/PavlovVR_Forge/Content/CustomMaps/UGC2316809668/InfinityBladeFireLands/Environments/Fire/Env_Fire_Magma/Textures/T_Fire_Lava.uasset" 270
"C:/GitHub/PavlovVR_Forge/Content/CustomMaps/UGC2316809668/InfinityBladeFireLands/Environments/Fire/Env_Fire_Magma/Materials/M_Env_Fire_Magma.uasset" 271
"C:/GitHub/PavlovVR_Forge/Content/CustomMaps/UGC2316809668/InfinityBladeFireLands/Environments/Fire/Env_Fire_Magma/StaticMesh/SM_Env_Fire_Magma01a.uasset" 272
"C:/GitHub/PavlovVR_Forge/Content/CustomMaps/UGC2316809668/InfinityBladeFireLands/Environments/Fire/Env_Fire_Magma/Textures/T_Dungeon_Pipe_Lava_E.uasset" 273
"C:/GitHub/PavlovVR_Forge/Content/CustomMaps/UGC2316809668/InfinityBladeFireLands/Environments/Fire/Env_Fire_Magma/Materials/M_Dungeon_Pipe_FlowingLava.uasset" 274
"C:/GitHub/PavlovVR_Forge/Content/CustomMaps/UGC2316809668/InfinityBladeFireLands/Environments/Fire/Env_Fire_Magma/StaticMesh/SM_Env_Fire_MagmaFall.uasset" 275
"C:/GitHub/PavlovVR_Forge/Content/CustomMaps/UGC2316809668/InfinityBladeFireLands/Environments/Fire/Env_Fire_Magma/StaticMesh/SM_WaterPlain.uasset" 276
"C:/GitHub/PavlovVR_Forge/Content/CustomMaps/UGC2316809668/InfinityBladeFireLands/Environments/Fire/Env_Fire_OddsnEnds/Textures/T_Env_Fire_OddsnEnds_FloorPillar_D.uasset" 277
"C:/GitHub/PavlovVR_Forge/Content/CustomMaps/UGC2316809668/InfinityBladeFireLands/Environments/Fire/Env_Fire_OddsnEnds/Textures/T_Env_Fire_OddsnEnds_FloorPillar_N.uasset" 278
"C:/GitHub/PavlovVR_Forge/Content/CustomMaps/UGC2316809668/InfinityBladeFireLands/Environments/Fire/Env_Fire_OddsnEnds/Materials/M_Fire_OddsnEnds_FloorPillar.uasset" 279
"C:/GitHub/PavlovVR_Forge/Content/CustomMaps/UGC2316809668/InfinityBladeFireLands/Environments/Fire/Env_Fire_OddsnEnds/StaticMesh/SM_Env_Fire_OddsnEnds_FloorPath1e.uasset" 280
"C:/GitHub/PavlovVR_Forge/Content/CustomMaps/UGC2316809668/InfinityBladeFireLands/Environments/Fire/Env_Fire_OddsnEnds/StaticMesh/SM_Env_Fire_OddsnEnds_FloorPath2a.uasset" 281
"C:/GitHub/PavlovVR_Forge/Content/CustomMaps/UGC2316809668/InfinityBladeFireLands/Environments/Fire/Env_Fire_OddsnEnds/StaticMesh/SM_Env_Fire_OddsnEnds_FloorPath2b.uasset" 282
"C:/GitHub/PavlovVR_Forge/Content/CustomMaps/UGC2316809668/InfinityBladeFireLands/Environments/Fire/Env_Fire_OddsnEnds/StaticMesh/SM_Env_Fire_OddsnEnds_FloorPath2d.uasset" 283
"C:/GitHub/PavlovVR_Forge/Content/CustomMaps/UGC2316809668/InfinityBladeFireLands/Environments/Fire/Env_Fire_OddsnEnds/Textures/T_Env_Fire_OddsnEnds_MineCart_D.uasset" 284
"C:/GitHub/PavlovVR_Forge/Content/CustomMaps/UGC2316809668/InfinityBladeFireLands/Environments/Fire/Env_Fire_OddsnEnds/Textures/T_Env_Fire_OddsnEnds_MineCart_N.uasset" 285
"C:/GitHub/PavlovVR_Forge/Content/CustomMaps/UGC2316809668/InfinityBladeFireLands/Environments/Fire/Env_Fire_OddsnEnds/Materials/M_Fire_OddsnEnds_Minecart.uasset" 286
"C:/GitHub/PavlovVR_Forge/Content/CustomMaps/UGC2316809668/InfinityBladeFireLands/Environments/Fire/Env_Fire_OddsnEnds/StaticMesh/SM_Env_Fire_OddsnEnds_Minecart002.uasset" 287
"C:/GitHub/PavlovVR_Forge/Content/CustomMaps/UGC2316809668/InfinityBladeFireLands/Environments/Fire/Env_Fire_OddsnEnds/StaticMesh/SM_Env_Fire_OddsnEnds_Minecart003.uasset" 288
"C:/GitHub/PavlovVR_Forge/Content/CustomMaps/UGC2316809668/InfinityBladeFireLands/Environments/Fire/Env_Fire_OddsnEnds/StaticMesh/SM_Env_Fire_OddsnEnds_Minecart005.uasset" 289
"C:/GitHub/PavlovVR_Forge/Content/CustomMaps/UGC2316809668/InfinityBladeFireLands/Environments/Fire/Env_Fire_OddsnEnds/StaticMesh/SM_Env_Fire_OddsnEnds_Pillar1_dam2.uasset" 290
"C:/GitHub/PavlovVR_Forge/Content/CustomMaps/UGC2316809668/InfinityBladeFireLands/Environments/Fire/Env_Fire_OddsnEnds/StaticMesh/SM_Env_Fire_OddsnEnds_Pillar2.uasset" 291
"C:/GitHub/PavlovVR_Forge/Content/CustomMaps/UGC2316809668/InfinityBladeFireLands/Environments/Fire/Env_Fire_OddsnEnds/StaticMesh/SM_Env_Fire_OddsnEnds_Pillar4.uasset" 292
"C:/GitHub/PavlovVR_Forge/Content/CustomMaps/UGC2316809668/InfinityBladeFireLands/Environments/Fire/Env_Fire_OddsnEnds/StaticMesh/SM_Env_Fire_OddsnEnds_Pillar5.uasset" 293
"C:/GitHub/PavlovVR_Forge/Content/CustomMaps/UGC2316809668/InfinityBladeFireLands/Environments/Fire/Env_Fire_OddsnEnds/StaticMesh/SM_Env_Fire_OddsnEnds_Track002.uasset" 294
"C:/GitHub/PavlovVR_Forge/Content/CustomMaps/UGC2316809668/InfinityBladeFireLands/Environments/Fire/Env_Fire_OddsnEnds/StaticMesh/SM_Env_Fire_OddsnEnds_Track005.uasset" 295
"C:/GitHub/PavlovVR_Forge/Content/CustomMaps/UGC2316809668/InfinityBladeFireLands/Environments/Fire/Env_Fire_OddsnEnds/StaticMesh/SM_Env_Fire_OddsnEnds_TrackStop.uasset" 296
"C:/GitHub/PavlovVR_Forge/Content/CustomMaps/UGC2316809668/InfinityBladeFireLands/Environments/Fire/Env_Fire_OddsnEnds/Textures/T_Plate_Floor_2_D.uasset" 297
"C:/GitHub/PavlovVR_Forge/Content/CustomMaps/UGC2316809668/InfinityBladeFireLands/Environments/Fire/Env_Fire_OddsnEnds/Textures/T_Plate_Floor_2_N.uasset" 298
"C:/GitHub/PavlovVR_Forge/Content/CustomMaps/UGC2316809668/InfinityBladeFireLands/Environments/Fire/Env_Fire_OddsnEnds/Materials/M_Plate_Floor_2.uasset" 299
"C:/GitHub/PavlovVR_Forge/Content/CustomMaps/UGC2316809668/InfinityBladeFireLands/Environments/Fire/Env_Fire_OddsnEnds/StaticMesh/SM_Forge_King_Floor.uasset" 300
"C:/GitHub/PavlovVR_Forge/Content/CustomMaps/UGC2316809668/InfinityBladeFireLands/Environments/Fire/Env_Fire_Robot/Textures/T_Fire_POI_Robot_D.uasset" 301
"C:/GitHub/PavlovVR_Forge/Content/CustomMaps/UGC2316809668/InfinityBladeFireLands/Environments/Fire/Env_Fire_Robot/Textures/T_Fire_POI_Robot_N.uasset" 302
"C:/GitHub/PavlovVR_Forge/Content/CustomMaps/UGC2316809668/InfinityBladeFireLands/Environments/Fire/Env_Fire_Robot/Materials/M_Env_Fire_Robot_Inst.uasset" 303
"C:/GitHub/PavlovVR_Forge/Content/CustomMaps/UGC2316809668/InfinityBladeFireLands/Environments/Fire/Env_Fire_Robot/StaticMesh/SM_Fire_POI_Robot01.uasset" 304
"C:/GitHub/PavlovVR_Forge/Content/CustomMaps/UGC2316809668/InfinityBladeFireLands/Environments/Fire/Env_Fire_Rocky/StaticMesh/SM_Env_Fire_Cliffs_CliffWall_01a.uasset" 305
"C:/GitHub/PavlovVR_Forge/Content/CustomMaps/UGC2316809668/InfinityBladeFireLands/Environments/Fire/Env_Fire_Rocky/StaticMesh/SM_Env_Fire_Cliffs_CliffWall_02a.uasset" 306
"C:/GitHub/PavlovVR_Forge/Content/CustomMaps/UGC2316809668/InfinityBladeFireLands/Environments/Fire/Env_Fire_Rocky/StaticMesh/SM_Env_Fire_Cliffs_CliffWall_02b.uasset" 307
"C:/GitHub/PavlovVR_Forge/Content/CustomMaps/UGC2316809668/InfinityBladeFireLands/Environments/Fire/Env_Fire_Rocky/StaticMesh/SM_Env_Fire_Cliffs_CliffWall_03a.uasset" 308
"C:/GitHub/PavlovVR_Forge/Content/CustomMaps/UGC2316809668/InfinityBladeFireLands/Environments/Fire/Env_Fire_Rocky/StaticMesh/SM_Env_Fire_Cliffs_CliffWall_03b.uasset" 309
"C:/GitHub/PavlovVR_Forge/Content/CustomMaps/UGC2316809668/InfinityBladeFireLands/Environments/Fire/Env_Fire_Rocky/StaticMesh/SM_Env_Fire_Cliffs_CliffWall_05a.uasset" 310
"C:/GitHub/PavlovVR_Forge/Content/CustomMaps/UGC2316809668/InfinityBladeFireLands/Environments/Fire/Env_Fire_Rocky/StaticMesh/SM_Env_Fire_Cliffs_CliffWall_05b.uasset" 311
"C:/GitHub/PavlovVR_Forge/Content/CustomMaps/UGC2316809668/InfinityBladeFireLands/Environments/Fire/Env_Fire_Rocky/StaticMesh/SM_Env_Fire_Cliffs_CliffWall_06a.uasset" 312
"C:/GitHub/PavlovVR_Forge/Content/CustomMaps/UGC2316809668/InfinityBladeFireLands/Environments/Fire/Env_Fire_Rocky/StaticMesh/SM_Env_Fire_Cliffs_CliffWall_06b.uasset" 313
"C:/GitHub/PavlovVR_Forge/Content/CustomMaps/UGC2316809668/InfinityBladeFireLands/Environments/Fire/Env_Fire_Rocky/StaticMesh/SM_Env_Fire_Cliffs_CliffWall_06c.uasset" 314
"C:/GitHub/PavlovVR_Forge/Content/CustomMaps/UGC2316809668/InfinityBladeFireLands/Environments/Fire/Env_Fire_Rocky/Textures/T_Fire_Accents_D.uasset" 315
"C:/GitHub/PavlovVR_Forge/Content/CustomMaps/UGC2316809668/InfinityBladeFireLands/Environments/Fire/Env_Fire_Rocky/Textures/T_Fire_Accents_N.uasset" 316
"C:/GitHub/PavlovVR_Forge/Content/CustomMaps/UGC2316809668/InfinityBladeFireLands/Environments/Fire/Env_Fire_Rocky/Materials/M_Fire_Accents.uasset" 317
"C:/GitHub/PavlovVR_Forge/Content/CustomMaps/UGC2316809668/InfinityBladeFireLands/Environments/Fire/Env_Fire_Rocky/StaticMesh/SM_Fire_BrickArch001.uasset" 318
"C:/GitHub/PavlovVR_Forge/Content/CustomMaps/UGC2316809668/InfinityBladeFireLands/Environments/Fire/Env_Fire_Rocky/StaticMesh/SM_Fire_BrickArch002.uasset" 319
"C:/GitHub/PavlovVR_Forge/Content/CustomMaps/UGC2316809668/InfinityBladeFireLands/Environments/Fire/Env_Fire_Rocky/StaticMesh/SM_Fire_BrickArch003.uasset" 320
"C:/GitHub/PavlovVR_Forge/Content/CustomMaps/UGC2316809668/InfinityBladeFireLands/Environments/Fire/Env_Fire_Rocky/Textures/T_Iron_D.uasset" 321
"C:/GitHub/PavlovVR_Forge/Content/CustomMaps/UGC2316809668/InfinityBladeFireLands/Environments/Fire/Env_Fire_Rocky/Textures/T_Iron_N.uasset" 322
"C:/GitHub/PavlovVR_Forge/Content/CustomMaps/UGC2316809668/InfinityBladeFireLands/Environments/Fire/Env_Fire_Rocky/Materials/M_Fire_Fort_Iron_1.uasset" 323
"C:/GitHub/PavlovVR_Forge/Content/CustomMaps/UGC2316809668/InfinityBladeFireLands/Environments/Fire/Env_Fire_Rocky/Textures/T_Fire_Trim_D.uasset" 324
"C:/GitHub/PavlovVR_Forge/Content/CustomMaps/UGC2316809668/InfinityBladeFireLands/Environments/Fire/Env_Fire_Rocky/Textures/T_Ice_Fort_Trim_1_N.uasset" 325
"C:/GitHub/PavlovVR_Forge/Content/CustomMaps/UGC2316809668/InfinityBladeFireLands/Environments/Fire/Env_Fire_Rocky/Materials/M_Fire_Fort_Trim_1.uasset" 326
"C:/GitHub/PavlovVR_Forge/Content/CustomMaps/UGC2316809668/InfinityBladeFireLands/Environments/Fire/Env_Fire_Rocky/StaticMesh/SM_Fire_Fort_Penta_Plat_1.uasset" 327
"C:/GitHub/PavlovVR_Forge/Content/CustomMaps/UGC2316809668/InfinityBladeFireLands/Environments/Fire/Env_Fire_Rocky/Textures/T_Fire_Pillar_D.uasset" 328
"C:/GitHub/PavlovVR_Forge/Content/CustomMaps/UGC2316809668/InfinityBladeFireLands/Environments/Fire/Env_Fire_Rocky/Textures/T_Fire_Pillar_M.uasset" 329
"C:/GitHub/PavlovVR_Forge/Content/CustomMaps/UGC2316809668/InfinityBladeFireLands/Environments/Fire/Env_Fire_Rocky/Textures/T_Ice_Fort_Pillar_1_N.uasset" 330
"C:/GitHub/PavlovVR_Forge/Content/CustomMaps/UGC2316809668/InfinityBladeFireLands/Environments/Fire/Env_Fire_Rocky/Materials/M_Env_Fire_Pillar_1.uasset" 331
"C:/GitHub/PavlovVR_Forge/Content/CustomMaps/UGC2316809668/InfinityBladeFireLands/Environments/Fire/Env_Fire_Rocky/StaticMesh/SM_Fire_Fort_Pillar_1b.uasset" 332
"C:/GitHub/PavlovVR_Forge/Content/CustomMaps/UGC2316809668/InfinityBladeFireLands/Environments/Fire/Env_Fire_Rocky/StaticMesh/SM_Fire_Fort_Stair_1.uasset" 333
"C:/GitHub/PavlovVR_Forge/Content/CustomMaps/UGC2316809668/InfinityBladeFireLands/Environments/Fire/Env_Fire_Rocky/StaticMesh/SM_Fire_Fort_Stair_2.uasset" 334
"C:/GitHub/PavlovVR_Forge/Content/CustomMaps/UGC2316809668/InfinityBladeFireLands/Environments/Fire/Env_Fire_Rocky/StaticMesh/SM_Fire_Fort_Trim_7.uasset" 335
"C:/GitHub/PavlovVR_Forge/Content/CustomMaps/UGC2316809668/InfinityBladeFireLands/Environments/Fire/Env_Fire_Rocky/Textures/T_Fire_Wall_D.uasset" 336
"C:/GitHub/PavlovVR_Forge/Content/CustomMaps/UGC2316809668/InfinityBladeFireLands/Environments/Fire/Env_Fire_Rocky/Textures/T_Ice_Fort_Wall_1_N.uasset" 337
"C:/GitHub/PavlovVR_Forge/Content/CustomMaps/UGC2316809668/InfinityBladeFireLands/Environments/Fire/Env_Fire_Rocky/Materials/M_Fire_Fort_Wall_1.uasset" 338
"C:/GitHub/PavlovVR_Forge/Content/CustomMaps/UGC2316809668/InfinityBladeFireLands/Environments/Fire/Env_Fire_Rocky/StaticMesh/SM_Fire_Fort_Wall_1.uasset" 339
"C:/GitHub/PavlovVR_Forge/Content/CustomMaps/UGC2316809668/InfinityBladeFireLands/Environments/Fire/Env_Fire_Rocky/StaticMesh/SM_Fire_Fort_Wall_2.uasset" 340
"C:/GitHub/PavlovVR_Forge/Content/CustomMaps/UGC2316809668/InfinityBladeFireLands/Environments/Fire/Env_Fire_Rocky/Textures/T_Env_Ice_PillarArch_N.uasset" 341
"C:/GitHub/PavlovVR_Forge/Content/CustomMaps/UGC2316809668/InfinityBladeFireLands/Environments/Fire/Env_Fire_Rocky/Textures/T_Fire_PillarArch_D.uasset" 342
"C:/GitHub/PavlovVR_Forge/Content/CustomMaps/UGC2316809668/InfinityBladeFireLands/Environments/Fire/Env_Fire_Rocky/Textures/T_Fire_PillarArch_E.uasset" 343
"C:/GitHub/PavlovVR_Forge/Content/CustomMaps/UGC2316809668/InfinityBladeFireLands/Environments/Fire/Env_Fire_Rocky/Materials/M_Fire_Pillar_ARch01.uasset" 344
"C:/GitHub/PavlovVR_Forge/Content/CustomMaps/UGC2316809668/InfinityBladeFireLands/Environments/Fire/Env_Fire_Rocky/StaticMesh/SM_Fire_PillarArch002.uasset" 345
"C:/GitHub/PavlovVR_Forge/Content/CustomMaps/UGC2316809668/InfinityBladeFireLands/Environments/Fire/Env_Fire_Rocky/StaticMesh/SM_Fire_PillarArch002_Broken.uasset" 346
"C:/GitHub/PavlovVR_Forge/Content/CustomMaps/UGC2316809668/InfinityBladeFireLands/Environments/Fire/Env_Fire_Rocky/StaticMesh/SM_Fire_PillarArch003_Broken.uasset" 347
"C:/GitHub/PavlovVR_Forge/Content/CustomMaps/UGC2316809668/InfinityBladeFireLands/Environments/Fire/Env_Fire_Rocky/Textures/T_Fire_RockPlateau_D.uasset" 348
"C:/GitHub/PavlovVR_Forge/Content/CustomMaps/UGC2316809668/InfinityBladeFireLands/Environments/Fire/Env_Fire_Rocky/Textures/T_Ice_RockPlateau_N.uasset" 349
"C:/GitHub/PavlovVR_Forge/Content/CustomMaps/UGC2316809668/InfinityBladeFireLands/Environments/Fire/Env_Fire_Rocky/Materials/M_Fire_RockTerrain01.uasset" 350
"C:/GitHub/PavlovVR_Forge/Content/CustomMaps/UGC2316809668/InfinityBladeFireLands/Environments/Fire/Env_Fire_Rocky/StaticMesh/SM_Fire_RockTerrain01.uasset" 351
"C:/GitHub/PavlovVR_Forge/Content/CustomMaps/UGC2316809668/InfinityBladeFireLands/Environments/Fire/Env_Fire_Rocky/Textures/T_Env_Fire_NordHeed_D.uasset" 352
"C:/GitHub/PavlovVR_Forge/Content/CustomMaps/UGC2316809668/InfinityBladeFireLands/Environments/Fire/Env_Fire_Rocky/Textures/T_Env_Fire_NordHeed_N.uasset" 353
"C:/GitHub/PavlovVR_Forge/Content/CustomMaps/UGC2316809668/InfinityBladeFireLands/Environments/Fire/Env_Fire_Rocky/Materials/M_Env_Fire_Nordheed_Inst.uasset" 354
"C:/GitHub/PavlovVR_Forge/Content/CustomMaps/UGC2316809668/InfinityBladeFireLands/Environments/Fire/Env_Fire_Rocky/StaticMesh/SM_Fire_RockTerrain02.uasset" 355
"C:/GitHub/PavlovVR_Forge/Content/CustomMaps/UGC2316809668/InfinityBladeFireLands/Environments/Fire/Env_Fire_Rocky/Textures/T_Fire_Fort_Floor_3_D.uasset" 356
"C:/GitHub/PavlovVR_Forge/Content/CustomMaps/UGC2316809668/InfinityBladeFireLands/Environments/Fire/Env_Fire_Rocky/Textures/T_Ice_Fort_Floor_1_N.uasset" 357
"C:/GitHub/PavlovVR_Forge/Content/CustomMaps/UGC2316809668/InfinityBladeFireLands/Environments/Fire/Env_Fire_Rocky/Materials/M_Fire_Fort_Floor_3.uasset" 358
"C:/GitHub/PavlovVR_Forge/Content/CustomMaps/UGC2316809668/InfinityBladeFireLands/Environments/Fire/Env_Fire_Rocky/StaticMesh/SM_Fire_Rocky2_Floor_02.uasset" 359
"C:/GitHub/PavlovVR_Forge/Content/CustomMaps/UGC2316809668/InfinityBladeFireLands/Environments/Fire/Env_Fire_Rocky/Textures/T_Fire_RuinedWalls_D.uasset" 360
"C:/GitHub/PavlovVR_Forge/Content/CustomMaps/UGC2316809668/InfinityBladeFireLands/Environments/Fire/Env_Fire_Rocky/Textures/T_Ice_RuinedWalls_N.uasset" 361
"C:/GitHub/PavlovVR_Forge/Content/CustomMaps/UGC2316809668/InfinityBladeFireLands/Environments/Fire/Env_Fire_Rocky/Materials/M_Env_Fire_RuinedWalls.uasset" 362
"C:/GitHub/PavlovVR_Forge/Content/CustomMaps/UGC2316809668/InfinityBladeFireLands/Environments/Fire/Env_Fire_Rocky/StaticMesh/SM_Fire_RuinedAchWalls001.uasset" 363
"C:/GitHub/PavlovVR_Forge/Content/CustomMaps/UGC2316809668/InfinityBladeFireLands/Environments/Fire/Env_Fire_Rocky/StaticMesh/SM_Fire_RuinedWalls001.uasset" 364
"C:/GitHub/PavlovVR_Forge/Content/CustomMaps/UGC2316809668/InfinityBladeFireLands/Environments/Fire/Env_Fire_Rocky/StaticMesh/SM_Fire_RuinedWalls002.uasset" 365
"C:/GitHub/PavlovVR_Forge/Content/CustomMaps/UGC2316809668/InfinityBladeFireLands/Environments/Fire/Env_Fire_Rocky/StaticMesh/SM_Fire_RuinedWalls003.uasset" 366
"C:/GitHub/PavlovVR_Forge/Content/CustomMaps/UGC2316809668/InfinityBladeFireLands/Environments/Fire/Env_Fire_Rocky/StaticMesh/SM_Fire_Wing_Pillar_3.uasset" 367
"C:/GitHub/PavlovVR_Forge/Content/CustomMaps/UGC2316809668/InfinityBladeFireLands/Environments/Fire/Env_Fire_Rocky/StaticMesh/SM_Fort_Wall_5.uasset" 368
"C:/GitHub/PavlovVR_Forge/Content/CustomMaps/UGC2316809668/InfinityBladeFireLands/Environments/Fire/Fire_Fortress/Textures/Env_Fire_NordHeed_D.uasset" 369
"C:/GitHub/PavlovVR_Forge/Content/CustomMaps/UGC2316809668/InfinityBladeFireLands/Environments/Fire/Fire_Fortress/Textures/T_Env_Ice_NordHeed_N.uasset" 370
"C:/GitHub/PavlovVR_Forge/Content/CustomMaps/UGC2316809668/InfinityBladeFireLands/Environments/Fire/Fire_Fortress/Materials/M_Env_Fire_Nordheed.uasset" 371
"C:/GitHub/PavlovVR_Forge/Content/CustomMaps/UGC2316809668/InfinityBladeFireLands/Environments/Fire/Fire_Fortress/SM/Env_Fire_NordHeed01.uasset" 372
"C:/GitHub/PavlovVR_Forge/Content/CustomMaps/UGC2316809668/InfinityBladeFireLands/Environments/Fire/Fire_Fortress/SM/Env_Fire_NordHeed02.uasset" 373
"C:/GitHub/PavlovVR_Forge/Content/CustomMaps/UGC2316809668/InfinityBladeFireLands/Environments/Fire/Fire_Fortress/SM/Env_Fire_NordRock01.uasset" 374
"C:/GitHub/PavlovVR_Forge/Content/CustomMaps/UGC2316809668/InfinityBladeFireLands/Environments/Fire/Fire_Fortress/SM/Env_Fire_NordRock02.uasset" 375
"C:/GitHub/PavlovVR_Forge/Content/CustomMaps/UGC2316809668/InfinityBladeFireLands/Environments/Fire/Fire_Fortress/Textures/Plate_Floor_2_D.uasset" 376
"C:/GitHub/PavlovVR_Forge/Content/CustomMaps/UGC2316809668/InfinityBladeFireLands/Environments/Fire/Fire_Fortress/Textures/Plate_Floor_2_N.uasset" 377
"C:/GitHub/PavlovVR_Forge/Content/CustomMaps/UGC2316809668/InfinityBladeFireLands/Environments/Fire/Fire_Fortress/Materials/M_Plate_Floor_2.uasset" 378
"C:/GitHub/PavlovVR_Forge/Content/CustomMaps/UGC2316809668/InfinityBladeFireLands/Environments/Fire/Fire_Fortress/SM/Fire_Floor_1.uasset" 379
"C:/GitHub/PavlovVR_Forge/Content/CustomMaps/UGC2316809668/InfinityBladeFireLands/Environments/Fire/Fire_Fortress/SM/Fire_Floor_3.uasset" 380
"C:/GitHub/PavlovVR_Forge/Content/CustomMaps/UGC2316809668/InfinityBladeFireLands/Environments/Fire/Fire_Fortress/SM/Fire_Floor_Step_1.uasset" 381
"C:/GitHub/PavlovVR_Forge/Content/CustomMaps/UGC2316809668/InfinityBladeFireLands/Environments/Fire/Fire_Fortress/SM/Fire_Floor_Step_2.uasset" 382
"C:/GitHub/PavlovVR_Forge/Content/CustomMaps/UGC2316809668/InfinityBladeFireLands/Environments/Fire/Fire_Fortress/Textures/Plate_Wall_1_D.uasset" 383
"C:/GitHub/PavlovVR_Forge/Content/CustomMaps/UGC2316809668/InfinityBladeFireLands/Environments/Fire/Fire_Fortress/Textures/Plate_Wall_1_N.uasset" 384
"C:/GitHub/PavlovVR_Forge/Content/CustomMaps/UGC2316809668/InfinityBladeFireLands/Environments/Fire/Fire_Fortress/Materials/M_Plate_Wall_1.uasset" 385
"C:/GitHub/PavlovVR_Forge/Content/CustomMaps/UGC2316809668/InfinityBladeFireLands/Environments/Fire/Fire_Fortress/SM/Fire_Floor_Step_2_WallCap.uasset" 386
"C:/GitHub/PavlovVR_Forge/Content/CustomMaps/UGC2316809668/InfinityBladeFireLands/Environments/Fire/Fire_Fortress/Textures/Plate_Floor_1_D.uasset" 387
"C:/GitHub/PavlovVR_Forge/Content/CustomMaps/UGC2316809668/InfinityBladeFireLands/Environments/Fire/Fire_Fortress/Textures/Plate_Floor_1_N.uasset" 388
"C:/GitHub/PavlovVR_Forge/Content/CustomMaps/UGC2316809668/InfinityBladeFireLands/Environments/Fire/Fire_Fortress/Materials/M_Plate_Floor_1.uasset" 389
"C:/GitHub/PavlovVR_Forge/Content/CustomMaps/UGC2316809668/InfinityBladeFireLands/Environments/Fire/Fire_Fortress/SM/Fire_Plate_Wall_1.uasset" 390
"C:/GitHub/PavlovVR_Forge/Content/CustomMaps/UGC2316809668/InfinityBladeFireLands/Environments/Fire/Fire_Fortress/SM/Fire_Plate_Wall_2.uasset" 391
"C:/GitHub/PavlovVR_Forge/Content/CustomMaps/UGC2316809668/InfinityBladeFireLands/Environments/Fire/Fire_Fortress/SM/Fire_Wall_1.uasset" 392
"C:/GitHub/PavlovVR_Forge/Content/CustomMaps/UGC2316809668/InfinityBladeFireLands/Environments/Fire/Fire_Fortress/SM/Fire_Wall_Pillar_1.uasset" 393
"C:/GitHub/PavlovVR_Forge/Content/CustomMaps/UGC2316809668/InfinityBladeFireLands/Environments/Forge/Env_Forge/Textures/T_Forge_Anvil_D.uasset" 394
"C:/GitHub/PavlovVR_Forge/Content/CustomMaps/UGC2316809668/InfinityBladeFireLands/Environments/Forge/Env_Forge/Textures/T_Forge_Anvil_M.uasset" 395
"C:/GitHub/PavlovVR_Forge/Content/CustomMaps/UGC2316809668/InfinityBladeFireLands/Environments/Forge/Env_Forge/Textures/T_Forge_Anvil_N.uasset" 396
"C:/GitHub/PavlovVR_Forge/Content/CustomMaps/UGC2316809668/InfinityBladeFireLands/Environments/Forge/Env_Forge/Materials/M_Forge_Anvil.uasset" 397
"C:/GitHub/PavlovVR_Forge/Content/CustomMaps/UGC2316809668/InfinityBladeFireLands/Environments/Forge/Env_Forge/StaticMesh/SM_Anvil_1.uasset" 398
"C:/GitHub/PavlovVR_Forge/Content/CustomMaps/UGC2316809668/InfinityBladeFireLands/Environments/Forge/Env_Forge/Textures/T_ALL_ForgeFace_D.uasset" 399
"C:/GitHub/PavlovVR_Forge/Content/CustomMaps/UGC2316809668/InfinityBladeFireLands/Environments/Forge/Env_Forge/Textures/T_ALL_ForgeFace_E.uasset" 400
"C:/GitHub/PavlovVR_Forge/Content/CustomMaps/UGC2316809668/InfinityBladeFireLands/Environments/Forge/Env_Forge/Textures/T_ALL_ForgeFace_M.uasset" 401
"C:/GitHub/PavlovVR_Forge/Content/CustomMaps/UGC2316809668/InfinityBladeFireLands/Environments/Forge/Env_Forge/Textures/T_ALL_ForgeFace_N.uasset" 402
"C:/GitHub/PavlovVR_Forge/Content/CustomMaps/UGC2316809668/InfinityBladeFireLands/Environments/Forge/Env_Forge/Materials/M_Forge_Face.uasset" 403
"C:/GitHub/PavlovVR_Forge/Content/CustomMaps/UGC2316809668/InfinityBladeFireLands/Environments/Forge/Env_Forge/StaticMesh/SM_Forge_ChainsC.uasset" 404
"C:/GitHub/PavlovVR_Forge/Content/CustomMaps/UGC2316809668/InfinityBladeFireLands/Environments/Forge/Env_Forge/StaticMesh/SM_Forge_ChainsD.uasset" 405
"C:/GitHub/PavlovVR_Forge/Content/CustomMaps/UGC2316809668/InfinityBladeFireLands/Environments/Forge/Env_Forge/StaticMesh/SM_Forge_ChainsH.uasset" 406
"C:/GitHub/PavlovVR_Forge/Content/CustomMaps/UGC2316809668/InfinityBladeFireLands/Environments/Forge/Env_Forge/StaticMesh/SM_Forge_Face.uasset" 407
"C:/GitHub/PavlovVR_Forge/Content/CustomMaps/UGC2316809668/InfinityBladeFireLands/Environments/Forge/Env_Forge/Textures/T_ALL_ForgeFirePit_D.uasset" 408
"C:/GitHub/PavlovVR_Forge/Content/CustomMaps/UGC2316809668/InfinityBladeFireLands/Environments/Forge/Env_Forge/Textures/T_ALL_ForgeFirePit_E.uasset" 409
"C:/GitHub/PavlovVR_Forge/Content/CustomMaps/UGC2316809668/InfinityBladeFireLands/Environments/Forge/Env_Forge/Textures/T_ALL_ForgeFirePit_M.uasset" 410
"C:/GitHub/PavlovVR_Forge/Content/CustomMaps/UGC2316809668/InfinityBladeFireLands/Environments/Forge/Env_Forge/Textures/T_ALL_ForgeFirePit_N.uasset" 411
"C:/GitHub/PavlovVR_Forge/Content/CustomMaps/UGC2316809668/InfinityBladeFireLands/Environments/Forge/Env_Forge/Materials/M_Forge_FirePit.uasset" 412
"C:/GitHub/PavlovVR_Forge/Content/CustomMaps/UGC2316809668/InfinityBladeFireLands/Environments/Forge/Env_Forge/StaticMesh/SM_Forge_FirePit.uasset" 413
"C:/GitHub/PavlovVR_Forge/Content/CustomMaps/UGC2316809668/InfinityBladeFireLands/Environments/Forge/Env_Forge/Textures/T_ALL_ForgeFloor_D.uasset" 414
"C:/GitHub/PavlovVR_Forge/Content/CustomMaps/UGC2316809668/InfinityBladeFireLands/Environments/Forge/Env_Forge/Textures/T_ALL_ForgeFloor_N.uasset" 415
"C:/GitHub/PavlovVR_Forge/Content/CustomMaps/UGC2316809668/InfinityBladeFireLands/Environments/Forge/Env_Forge/Materials/M_ALL_ForgeFloor.uasset" 416
"C:/GitHub/PavlovVR_Forge/Content/CustomMaps/UGC2316809668/InfinityBladeFireLands/Environments/Forge/Env_Forge/StaticMesh/SM_Forge_Floor.uasset" 417
"C:/GitHub/PavlovVR_Forge/Content/CustomMaps/UGC2316809668/InfinityBladeFireLands/Environments/Forge/Env_Forge/StaticMesh/SM_Forge_Floor_Rock01.uasset" 418
"C:/GitHub/PavlovVR_Forge/Content/CustomMaps/UGC2316809668/InfinityBladeFireLands/Environments/Forge/Env_Forge/StaticMesh/SM_Forge_Floor_Rock02.uasset" 419
"C:/GitHub/PavlovVR_Forge/Content/CustomMaps/UGC2316809668/InfinityBladeFireLands/Environments/Forge/Env_Forge/Textures/T_Forging_level1_D.uasset" 420
"C:/GitHub/PavlovVR_Forge/Content/CustomMaps/UGC2316809668/InfinityBladeFireLands/Environments/Forge/Env_Forge/Textures/T_Forging_level1_E.uasset" 421
"C:/GitHub/PavlovVR_Forge/Content/CustomMaps/UGC2316809668/InfinityBladeFireLands/Environments/Forge/Env_Forge/Textures/T_Forging_level1_N.uasset" 422
"C:/GitHub/PavlovVR_Forge/Content/CustomMaps/UGC2316809668/InfinityBladeFireLands/Environments/Forge/Env_Forge/Materials/M_Forging_Level1.uasset" 423
"C:/GitHub/PavlovVR_Forge/Content/CustomMaps/UGC2316809668/InfinityBladeFireLands/Environments/Forge/Env_Forge/StaticMesh/SM_Forge_Forgemaster_Ironbar.uasset" 424
"C:/GitHub/PavlovVR_Forge/Content/CustomMaps/UGC2316809668/InfinityBladeFireLands/Environments/Forge/Env_Forge/Textures/T_Forge_Tools_D.uasset" 425
"C:/GitHub/PavlovVR_Forge/Content/CustomMaps/UGC2316809668/InfinityBladeFireLands/Environments/Forge/Env_Forge/Textures/T_Forge_Tools_M.uasset" 426
"C:/GitHub/PavlovVR_Forge/Content/CustomMaps/UGC2316809668/InfinityBladeFireLands/Environments/Forge/Env_Forge/Textures/T_Forge_Tools_N.uasset" 427
"C:/GitHub/PavlovVR_Forge/Content/CustomMaps/UGC2316809668/InfinityBladeFireLands/Environments/Forge/Env_Forge/Materials/M_Forge_Tool.uasset" 428
"C:/GitHub/PavlovVR_Forge/Content/CustomMaps/UGC2316809668/InfinityBladeFireLands/Environments/Forge/Env_Forge/StaticMesh/SM_Forge_Ingots_1.uasset" 429
"C:/GitHub/PavlovVR_Forge/Content/CustomMaps/UGC2316809668/InfinityBladeFireLands/Environments/Forge/Env_Forge/Textures/T_Forge_MapTable_D.uasset" 430
"C:/GitHub/PavlovVR_Forge/Content/CustomMaps/UGC2316809668/InfinityBladeFireLands/Environments/Forge/Env_Forge/Textures/T_Forge_MapTable_M.uasset" 431
"C:/GitHub/PavlovVR_Forge/Content/CustomMaps/UGC2316809668/InfinityBladeFireLands/Environments/Forge/Env_Forge/Textures/T_Forge_MapTable_N.uasset" 432
"C:/GitHub/PavlovVR_Forge/Content/CustomMaps/UGC2316809668/InfinityBladeFireLands/Environments/Forge/Env_Forge/Materials/M_Forge_Map_Table.uasset" 433
"C:/GitHub/PavlovVR_Forge/Content/CustomMaps/UGC2316809668/InfinityBladeFireLands/Environments/Forge/Env_Forge/StaticMesh/SM_Forge_MapTable.uasset" 434
"C:/GitHub/PavlovVR_Forge/Content/CustomMaps/UGC2316809668/InfinityBladeFireLands/Environments/Forge/Env_Forge/Textures/T_Forge_Wood_D.uasset" 435
"C:/GitHub/PavlovVR_Forge/Content/CustomMaps/UGC2316809668/InfinityBladeFireLands/Environments/Forge/Env_Forge/Textures/T_Forge_Wood_D_NRM.uasset" 436
"C:/GitHub/PavlovVR_Forge/Content/CustomMaps/UGC2316809668/InfinityBladeFireLands/Environments/Forge/Env_Forge/Textures/T_Forge_Wood_M.uasset" 437
"C:/GitHub/PavlovVR_Forge/Content/CustomMaps/UGC2316809668/InfinityBladeFireLands/Environments/Forge/Env_Forge/Materials/M_Forge_Wood.uasset" 438
"C:/GitHub/PavlovVR_Forge/Content/CustomMaps/UGC2316809668/InfinityBladeFireLands/Environments/Forge/Env_Forge/StaticMesh/SM_Forge_Table.uasset" 439
"C:/GitHub/PavlovVR_Forge/Content/CustomMaps/UGC2316809668/InfinityBladeFireLands/Environments/Forge/Env_Forge/StaticMesh/SM_Forge_Table_1.uasset" 440
"C:/GitHub/PavlovVR_Forge/Content/CustomMaps/UGC2316809668/InfinityBladeFireLands/Environments/Forge/Env_Forge/StaticMesh/SM_Forge_Table_Tools_1.uasset" 441
"C:/GitHub/PavlovVR_Forge/Content/CustomMaps/UGC2316809668/InfinityBladeFireLands/Environments/Forge/Env_Forge_Damaged/Textures/T_ForgeLeftside_Damaged_D.uasset" 442
"C:/GitHub/PavlovVR_Forge/Content/CustomMaps/UGC2316809668/InfinityBladeFireLands/Environments/Forge/Env_Forge_Damaged/Textures/T_ForgeLeftside_Damaged_N.uasset" 443
"C:/GitHub/PavlovVR_Forge/Content/CustomMaps/UGC2316809668/InfinityBladeFireLands/Environments/Forge/Env_Forge_Damaged/Materials/M_Forge_SideL_Damaged.uasset" 444
"C:/GitHub/PavlovVR_Forge/Content/CustomMaps/UGC2316809668/InfinityBladeFireLands/Environments/Forge/Env_Forge_Damaged/StaticMesh/SM_Forge_FacesideL.uasset" 445
"C:/GitHub/PavlovVR_Forge/Content/CustomMaps/UGC2316809668/InfinityBladeFireLands/Environments/Forge/Env_Forge_Damaged/Textures/T_ForgeRightside_Damaged_D.uasset" 446
"C:/GitHub/PavlovVR_Forge/Content/CustomMaps/UGC2316809668/InfinityBladeFireLands/Environments/Forge/Env_Forge_Damaged/Textures/T_ForgeRightside_Damaged_N.uasset" 447
"C:/GitHub/PavlovVR_Forge/Content/CustomMaps/UGC2316809668/InfinityBladeFireLands/Environments/Forge/Env_Forge_Damaged/Materials/M_Forge_SideR_Damaged.uasset" 448
"C:/GitHub/PavlovVR_Forge/Content/CustomMaps/UGC2316809668/InfinityBladeFireLands/Environments/Forge/Env_Forge_Damaged/StaticMesh/SM_Forge_FacesideR.uasset" 449
"C:/GitHub/PavlovVR_Forge/Content/CustomMaps/UGC2316809668/The_Forge.umap" 450
"../../../Engine/Content/Maps/Entry_BuiltData.uasset" 451
"../../../Engine/Content/Maps/Entry.umap" 452
